<?xml version="1.0" encoding="UTF-8"?>
<testsuite name="com.mjkim.springboot.web.dto.HelloResponseDtoTest" tests="1" skipped="0" failures="0" errors="0" timestamp="2021-11-01T17:08:20" hostname="LAPTOP-10A1K89M" time="0.003">
  <properties/>
  <testcase name="롬복_기능_테스트" classname="com.mjkim.springboot.web.dto.HelloResponseDtoTest" time="0.003"/>
  <system-out><![CDATA[]]></system-out>
  <system-err><![CDATA[]]></system-err>
</testsuite>
