<?xml version="1.0" encoding="UTF-8"?>
<testsuite name="com.mjkim.springboot.web.domain.posts.PostsRepositoryTest" tests="2" skipped="0" failures="0" errors="0" timestamp="2021-11-01T17:08:20" hostname="LAPTOP-10A1K89M" time="0.63">
  <properties/>
  <testcase name="게시글저장_불러오기" classname="com.mjkim.springboot.web.domain.posts.PostsRepositoryTest" time="0.59"/>
  <testcase name="BaseTimeEntity_등록" classname="com.mjkim.springboot.web.domain.posts.PostsRepositoryTest" time="0.038"/>
  <system-out><![CDATA[2021-11-02 02:07:53.877  INFO 23872 --- [    Test worker] .b.t.c.SpringBootTestContextBootstrapper : Neither @ContextConfiguration nor @ContextHierarchy found for test class [com.mjkim.springboot.web.domain.posts.PostsRepositoryTest], using SpringBootContextLoader
2021-11-02 02:07:53.885  INFO 23872 --- [    Test worker] o.s.t.c.support.AbstractContextLoader    : Could not detect default resource locations for test class [com.mjkim.springboot.web.domain.posts.PostsRepositoryTest]: no resource found for suffixes {-context.xml, Context.groovy}.
2021-11-02 02:07:53.885  INFO 23872 --- [    Test worker] t.c.s.AnnotationConfigContextLoaderUtils : Could not detect default configuration classes for test class [com.mjkim.springboot.web.domain.posts.PostsRepositoryTest]: PostsRepositoryTest does not declare any static, non-private, non-final, nested classes annotated with @Configuration.
2021-11-02 02:07:54.050  INFO 23872 --- [    Test worker] .b.t.c.SpringBootTestContextBootstrapper : Found @SpringBootConfiguration com.mjkim.springboot.Application for test class com.mjkim.springboot.web.domain.posts.PostsRepositoryTest
2021-11-02 02:07:54.065  INFO 23872 --- [    Test worker] .b.t.c.SpringBootTestContextBootstrapper : Loaded default TestExecutionListener class names from location [META-INF/spring.factories]: [org.springframework.security.test.context.support.WithSecurityContextTestExecutionListener, org.springframework.security.test.context.support.ReactorContextTestExecutionListener, org.springframework.boot.test.autoconfigure.restdocs.RestDocsTestExecutionListener, org.springframework.boot.test.autoconfigure.web.client.MockRestServiceServerResetTestExecutionListener, org.springframework.boot.test.autoconfigure.web.servlet.MockMvcPrintOnlyOnFailureTestExecutionListener, org.springframework.boot.test.autoconfigure.web.servlet.WebDriverTestExecutionListener, org.springframework.boot.test.mock.mockito.MockitoTestExecutionListener, org.springframework.boot.test.mock.mockito.ResetMocksTestExecutionListener, org.springframework.test.context.web.ServletTestExecutionListener, org.springframework.test.context.support.DirtiesContextBeforeModesTestExecutionListener, org.springframework.test.context.support.DependencyInjectionTestExecutionListener, org.springframework.test.context.support.DirtiesContextTestExecutionListener, org.springframework.test.context.transaction.TransactionalTestExecutionListener, org.springframework.test.context.jdbc.SqlScriptsTestExecutionListener]
2021-11-02 02:07:54.075  INFO 23872 --- [    Test worker] .b.t.c.SpringBootTestContextBootstrapper : Using TestExecutionListeners: [org.springframework.test.context.web.ServletTestExecutionListener@abded18, org.springframework.test.context.support.DirtiesContextBeforeModesTestExecutionListener@58e8ef87, org.springframework.boot.test.mock.mockito.MockitoTestExecutionListener@75499d75, org.springframework.boot.test.autoconfigure.SpringBootDependencyInjectionTestExecutionListener@5fa8e3f0, org.springframework.test.context.support.DirtiesContextTestExecutionListener@3a980030, org.springframework.test.context.transaction.TransactionalTestExecutionListener@25934433, org.springframework.test.context.jdbc.SqlScriptsTestExecutionListener@1c08c7c1, org.springframework.security.test.context.support.WithSecurityContextTestExecutionListener@42700d3, org.springframework.security.test.context.support.ReactorContextTestExecutionListener@7e4419e7, org.springframework.boot.test.autoconfigure.restdocs.RestDocsTestExecutionListener@41c968c0, org.springframework.boot.test.autoconfigure.web.client.MockRestServiceServerResetTestExecutionListener@1b2589f7, org.springframework.boot.test.autoconfigure.web.servlet.MockMvcPrintOnlyOnFailureTestExecutionListener@273833d8, org.springframework.boot.test.autoconfigure.web.servlet.WebDriverTestExecutionListener@796d9df9, org.springframework.boot.test.mock.mockito.ResetMocksTestExecutionListener@7368657c]

  .   ____          _            __ _ _
 /\\ / ___'_ __ _ _(_)_ __  __ _ \ \ \ \
( ( )\___ | '_ | '_| | '_ \/ _` | \ \ \ \
 \\/  ___)| |_)| | | | | || (_| |  ) ) ) )
  '  |____| .__|_| |_|_| |_\__, | / / / /
 =========|_|==============|___/=/_/_/_/
 :: Spring Boot ::        (v2.1.7.RELEASE)

2021-11-02 02:07:54.321  INFO 23872 --- [    Test worker] c.m.s.w.d.posts.PostsRepositoryTest      : Starting PostsRepositoryTest on LAPTOP-10A1K89M with PID 23872 (started by 김민지 in C:\work\2021-02-Spring-Study\김민지\freelec-springboot2-webservice)
2021-11-02 02:07:54.321  INFO 23872 --- [    Test worker] c.m.s.w.d.posts.PostsRepositoryTest      : The following profiles are active: oauth
2021-11-02 02:07:57.126  INFO 23872 --- [    Test worker] .s.d.r.c.RepositoryConfigurationDelegate : Bootstrapping Spring Data repositories in DEFAULT mode.
2021-11-02 02:07:57.638  INFO 23872 --- [    Test worker] .s.d.r.c.RepositoryConfigurationDelegate : Finished Spring Data repository scanning in 451ms. Found 2 repository interfaces.
2021-11-02 02:07:59.823  INFO 23872 --- [    Test worker] trationDelegate$BeanPostProcessorChecker : Bean 'org.springframework.transaction.annotation.ProxyTransactionManagementConfiguration' of type [org.springframework.transaction.annotation.ProxyTransactionManagementConfiguration$$EnhancerBySpringCGLIB$$d9168e31] is not eligible for getting processed by all BeanPostProcessors (for example: not eligible for auto-proxying)
2021-11-02 02:08:00.664  INFO 23872 --- [    Test worker] com.zaxxer.hikari.HikariDataSource       : HikariPool-1 - Starting...
2021-11-02 02:08:02.104  INFO 23872 --- [    Test worker] com.zaxxer.hikari.HikariDataSource       : HikariPool-1 - Start completed.
2021-11-02 02:08:03.147  INFO 23872 --- [    Test worker] o.hibernate.jpa.internal.util.LogHelper  : HHH000204: Processing PersistenceUnitInfo [
	name: default
	...]
2021-11-02 02:08:04.408  INFO 23872 --- [    Test worker] org.hibernate.Version                    : HHH000412: Hibernate Core {5.3.10.Final}
2021-11-02 02:08:04.425  INFO 23872 --- [    Test worker] org.hibernate.cfg.Environment            : HHH000206: hibernate.properties not found
2021-11-02 02:08:04.863  INFO 23872 --- [    Test worker] o.hibernate.annotations.common.Version   : HCANN000001: Hibernate Commons Annotations {5.0.4.Final}
2021-11-02 02:08:06.152  INFO 23872 --- [    Test worker] org.hibernate.dialect.Dialect            : HHH000400: Using dialect: org.hibernate.dialect.MySQL5InnoDBDialect
Hibernate: drop table if exists posts
Hibernate: drop table if exists user
Hibernate: create table posts (id bigint not null auto_increment, created_date datetime, modified_date datetime, author varchar(255), content TEXT not null, title varchar(500) not null, primary key (id)) engine=InnoDB
Hibernate: create table user (id bigint not null auto_increment, created_date datetime, modified_date datetime, email varchar(255) not null, name varchar(255) not null, picture varchar(255), role varchar(255) not null, primary key (id)) engine=InnoDB
2021-11-02 02:08:09.455  INFO 23872 --- [    Test worker] o.h.t.schema.internal.SchemaCreatorImpl  : HHH000476: Executing import script 'org.hibernate.tool.schema.internal.exec.ScriptSourceInputNonExistentImpl@6886dce'
2021-11-02 02:08:09.473  INFO 23872 --- [    Test worker] j.LocalContainerEntityManagerFactoryBean : Initialized JPA EntityManagerFactory for persistence unit 'default'
2021-11-02 02:08:12.809  INFO 23872 --- [    Test worker] o.h.h.i.QueryTranslatorFactoryInitiator  : HHH000397: Using ASTQueryTranslatorFactory
2021-11-02 02:08:14.823  INFO 23872 --- [    Test worker] o.s.s.web.DefaultSecurityFilterChain     : Creating filter chain: any request, [org.springframework.security.web.context.request.async.WebAsyncManagerIntegrationFilter@34f9ac3e, org.springframework.security.web.context.SecurityContextPersistenceFilter@b968f4f, org.springframework.security.web.header.HeaderWriterFilter@1a6321f0, org.springframework.security.web.authentication.logout.LogoutFilter@43ce38aa, org.springframework.security.oauth2.client.web.OAuth2AuthorizationRequestRedirectFilter@2c76f811, org.springframework.security.oauth2.client.web.OAuth2LoginAuthenticationFilter@1f09c2f0, org.springframework.security.web.authentication.ui.DefaultLoginPageGeneratingFilter@7c1d2c91, org.springframework.security.web.authentication.ui.DefaultLogoutPageGeneratingFilter@6ab6e116, org.springframework.security.web.savedrequest.RequestCacheAwareFilter@703d16f5, org.springframework.security.web.servletapi.SecurityContextHolderAwareRequestFilter@7352d5a3, org.springframework.security.web.authentication.AnonymousAuthenticationFilter@75ce9b09, org.springframework.security.web.session.SessionManagementFilter@713fcfef, org.springframework.security.web.access.ExceptionTranslationFilter@79905810, org.springframework.security.web.access.intercept.FilterSecurityInterceptor@f7885db]
2021-11-02 02:08:16.924  INFO 23872 --- [    Test worker] o.s.s.concurrent.ThreadPoolTaskExecutor  : Initializing ExecutorService 'applicationTaskExecutor'
2021-11-02 02:08:16.984  WARN 23872 --- [    Test worker] aWebConfiguration$JpaWebMvcConfiguration : spring.jpa.open-in-view is enabled by default. Therefore, database queries may be performed during view rendering. Explicitly configure spring.jpa.open-in-view to disable this warning
2021-11-02 02:08:17.242  INFO 23872 --- [    Test worker] o.s.b.a.w.s.WelcomePageHandlerMapping    : Adding welcome page template: index
2021-11-02 02:08:20.055  INFO 23872 --- [    Test worker] s.a.ScheduledAnnotationBeanPostProcessor : No TaskScheduler/ScheduledExecutorService bean found for scheduled processing
2021-11-02 02:08:20.078  INFO 23872 --- [    Test worker] c.m.s.w.d.posts.PostsRepositoryTest      : Started PostsRepositoryTest in 25.998 seconds (JVM running for 63.788)
Hibernate: insert into posts (created_date, modified_date, author, content, title) values (?, ?, ?, ?, ?)
Hibernate: select posts0_.id as id1_0_, posts0_.created_date as created_2_0_, posts0_.modified_date as modified3_0_, posts0_.author as author4_0_, posts0_.content as content5_0_, posts0_.title as title6_0_ from posts posts0_
Hibernate: select posts0_.id as id1_0_, posts0_.created_date as created_2_0_, posts0_.modified_date as modified3_0_, posts0_.author as author4_0_, posts0_.content as content5_0_, posts0_.title as title6_0_ from posts posts0_
Hibernate: delete from posts where id=?
Hibernate: insert into posts (created_date, modified_date, author, content, title) values (?, ?, ?, ?, ?)
Hibernate: select posts0_.id as id1_0_, posts0_.created_date as created_2_0_, posts0_.modified_date as modified3_0_, posts0_.author as author4_0_, posts0_.content as content5_0_, posts0_.title as title6_0_ from posts posts0_
>>>>>> createDate=2021-11-02T02:08:20.703387, modifiedDate=2021-11-02T02:08:20.703387
Hibernate: select posts0_.id as id1_0_, posts0_.created_date as created_2_0_, posts0_.modified_date as modified3_0_, posts0_.author as author4_0_, posts0_.content as content5_0_, posts0_.title as title6_0_ from posts posts0_
Hibernate: delete from posts where id=?
]]></system-out>
  <system-err><![CDATA[]]></system-err>
</testsuite>
