<?xml version="1.0" encoding="UTF-8"?>
<testsuite name="com.mjkim.springboot.web.IndexControllerTest" tests="1" skipped="0" failures="0" errors="0" timestamp="2021-10-15T13:54:13" hostname="LAPTOP-10A1K89M" time="0.702">
  <properties/>
  <testcase name="메인페이지_로딩" classname="com.mjkim.springboot.web.IndexControllerTest" time="0.702"/>
  <system-out><![CDATA[22:54:00.953 [Test worker] DEBUG org.springframework.test.context.junit4.SpringJUnit4ClassRunner - SpringJUnit4ClassRunner constructor called with [class com.mjkim.springboot.web.IndexControllerTest]
22:54:00.973 [Test worker] DEBUG org.springframework.test.context.BootstrapUtils - Instantiating CacheAwareContextLoaderDelegate from class [org.springframework.test.context.cache.DefaultCacheAwareContextLoaderDelegate]
22:54:01.007 [Test worker] DEBUG org.springframework.test.context.BootstrapUtils - Instantiating BootstrapContext using constructor [public org.springframework.test.context.support.DefaultBootstrapContext(java.lang.Class,org.springframework.test.context.CacheAwareContextLoaderDelegate)]
22:54:01.043 [Test worker] DEBUG org.springframework.test.context.BootstrapUtils - Instantiating TestContextBootstrapper for test class [com.mjkim.springboot.web.IndexControllerTest] from class [org.springframework.boot.test.context.SpringBootTestContextBootstrapper]
22:54:01.084 [Test worker] INFO org.springframework.boot.test.context.SpringBootTestContextBootstrapper - Neither @ContextConfiguration nor @ContextHierarchy found for test class [com.mjkim.springboot.web.IndexControllerTest], using SpringBootContextLoader
22:54:01.092 [Test worker] DEBUG org.springframework.test.context.support.AbstractContextLoader - Did not detect default resource location for test class [com.mjkim.springboot.web.IndexControllerTest]: class path resource [com/mjkim/springboot/web/IndexControllerTest-context.xml] does not exist
22:54:01.094 [Test worker] DEBUG org.springframework.test.context.support.AbstractContextLoader - Did not detect default resource location for test class [com.mjkim.springboot.web.IndexControllerTest]: class path resource [com/mjkim/springboot/web/IndexControllerTestContext.groovy] does not exist
22:54:01.094 [Test worker] INFO org.springframework.test.context.support.AbstractContextLoader - Could not detect default resource locations for test class [com.mjkim.springboot.web.IndexControllerTest]: no resource found for suffixes {-context.xml, Context.groovy}.
22:54:01.096 [Test worker] INFO org.springframework.test.context.support.AnnotationConfigContextLoaderUtils - Could not detect default configuration classes for test class [com.mjkim.springboot.web.IndexControllerTest]: IndexControllerTest does not declare any static, non-private, non-final, nested classes annotated with @Configuration.
22:54:01.188 [Test worker] DEBUG org.springframework.test.context.support.ActiveProfilesUtils - Could not find an 'annotation declaring class' for annotation type [org.springframework.test.context.ActiveProfiles] and class [com.mjkim.springboot.web.IndexControllerTest]
22:54:01.381 [Test worker] DEBUG org.springframework.context.annotation.ClassPathScanningCandidateComponentProvider - Identified candidate component class: file [C:\work\2021-02-Spring-Study\김민지\freelec-springboot2-webservice\build\classes\java\main\com\mjkim\springboot\Application.class]
22:54:01.383 [Test worker] INFO org.springframework.boot.test.context.SpringBootTestContextBootstrapper - Found @SpringBootConfiguration com.mjkim.springboot.Application for test class com.mjkim.springboot.web.IndexControllerTest
22:54:01.612 [Test worker] DEBUG org.springframework.boot.test.context.SpringBootTestContextBootstrapper - @TestExecutionListeners is not present for class [com.mjkim.springboot.web.IndexControllerTest]: using defaults.
22:54:01.613 [Test worker] INFO org.springframework.boot.test.context.SpringBootTestContextBootstrapper - Loaded default TestExecutionListener class names from location [META-INF/spring.factories]: [org.springframework.boot.test.autoconfigure.restdocs.RestDocsTestExecutionListener, org.springframework.boot.test.autoconfigure.web.client.MockRestServiceServerResetTestExecutionListener, org.springframework.boot.test.autoconfigure.web.servlet.MockMvcPrintOnlyOnFailureTestExecutionListener, org.springframework.boot.test.autoconfigure.web.servlet.WebDriverTestExecutionListener, org.springframework.boot.test.mock.mockito.MockitoTestExecutionListener, org.springframework.boot.test.mock.mockito.ResetMocksTestExecutionListener, org.springframework.test.context.web.ServletTestExecutionListener, org.springframework.test.context.support.DirtiesContextBeforeModesTestExecutionListener, org.springframework.test.context.support.DependencyInjectionTestExecutionListener, org.springframework.test.context.support.DirtiesContextTestExecutionListener, org.springframework.test.context.transaction.TransactionalTestExecutionListener, org.springframework.test.context.jdbc.SqlScriptsTestExecutionListener]
22:54:01.646 [Test worker] INFO org.springframework.boot.test.context.SpringBootTestContextBootstrapper - Using TestExecutionListeners: [org.springframework.test.context.web.ServletTestExecutionListener@3fa0ff7, org.springframework.test.context.support.DirtiesContextBeforeModesTestExecutionListener@5c3aade1, org.springframework.boot.test.mock.mockito.MockitoTestExecutionListener@454d3190, org.springframework.boot.test.autoconfigure.SpringBootDependencyInjectionTestExecutionListener@5b107cd9, org.springframework.test.context.support.DirtiesContextTestExecutionListener@8c645fb, org.springframework.test.context.transaction.TransactionalTestExecutionListener@11ab4a7, org.springframework.test.context.jdbc.SqlScriptsTestExecutionListener@2df7d4a5, org.springframework.boot.test.autoconfigure.restdocs.RestDocsTestExecutionListener@75d98376, org.springframework.boot.test.autoconfigure.web.client.MockRestServiceServerResetTestExecutionListener@4f0af9ab, org.springframework.boot.test.autoconfigure.web.servlet.MockMvcPrintOnlyOnFailureTestExecutionListener@1be1c361, org.springframework.boot.test.autoconfigure.web.servlet.WebDriverTestExecutionListener@8a06e44, org.springframework.boot.test.mock.mockito.ResetMocksTestExecutionListener@31db9e15]
22:54:01.653 [Test worker] DEBUG org.springframework.test.annotation.ProfileValueUtils - Retrieved @ProfileValueSourceConfiguration [null] for test class [com.mjkim.springboot.web.IndexControllerTest]
22:54:01.655 [Test worker] DEBUG org.springframework.test.annotation.ProfileValueUtils - Retrieved ProfileValueSource type [class org.springframework.test.annotation.SystemProfileValueSource] for class [com.mjkim.springboot.web.IndexControllerTest]
22:54:01.664 [Test worker] DEBUG org.springframework.test.annotation.ProfileValueUtils - Retrieved @ProfileValueSourceConfiguration [null] for test class [com.mjkim.springboot.web.IndexControllerTest]
22:54:01.664 [Test worker] DEBUG org.springframework.test.annotation.ProfileValueUtils - Retrieved ProfileValueSource type [class org.springframework.test.annotation.SystemProfileValueSource] for class [com.mjkim.springboot.web.IndexControllerTest]
22:54:01.666 [Test worker] DEBUG org.springframework.test.annotation.ProfileValueUtils - Retrieved @ProfileValueSourceConfiguration [null] for test class [com.mjkim.springboot.web.IndexControllerTest]
22:54:01.666 [Test worker] DEBUG org.springframework.test.annotation.ProfileValueUtils - Retrieved ProfileValueSource type [class org.springframework.test.annotation.SystemProfileValueSource] for class [com.mjkim.springboot.web.IndexControllerTest]
22:54:01.679 [Test worker] DEBUG org.springframework.test.context.support.AbstractDirtiesContextTestExecutionListener - Before test class: context [DefaultTestContext@68a35247 testClass = IndexControllerTest, testInstance = [null], testMethod = [null], testException = [null], mergedContextConfiguration = [WebMergedContextConfiguration@27c423b5 testClass = IndexControllerTest, locations = '{}', classes = '{class com.mjkim.springboot.Application}', contextInitializerClasses = '[]', activeProfiles = '{}', propertySourceLocations = '{}', propertySourceProperties = '{org.springframework.boot.test.context.SpringBootTestContextBootstrapper=true, server.port=0}', contextCustomizers = set[org.springframework.boot.test.autoconfigure.properties.PropertyMappingContextCustomizer@0, org.springframework.boot.test.autoconfigure.web.servlet.WebDriverContextCustomizerFactory$Customizer@a4799de, org.springframework.boot.test.context.filter.ExcludeFilterContextCustomizer@33b49e88, org.springframework.boot.test.json.DuplicateJsonObjectContextCustomizerFactory$DuplicateJsonObjectContextCustomizer@ce3f931, org.springframework.boot.test.mock.mockito.MockitoContextCustomizer@0, org.springframework.boot.test.web.client.TestRestTemplateContextCustomizer@7fa748af], resourceBasePath = 'src/main/webapp', contextLoader = 'org.springframework.boot.test.context.SpringBootContextLoader', parent = [null]], attributes = map['org.springframework.test.context.web.ServletTestExecutionListener.activateListener' -> false]], class annotated with @DirtiesContext [false] with mode [null].
22:54:01.680 [Test worker] DEBUG org.springframework.test.annotation.ProfileValueUtils - Retrieved @ProfileValueSourceConfiguration [null] for test class [com.mjkim.springboot.web.IndexControllerTest]
22:54:01.681 [Test worker] DEBUG org.springframework.test.annotation.ProfileValueUtils - Retrieved ProfileValueSource type [class org.springframework.test.annotation.SystemProfileValueSource] for class [com.mjkim.springboot.web.IndexControllerTest]
22:54:01.691 [Test worker] DEBUG org.springframework.test.context.support.DependencyInjectionTestExecutionListener - Performing dependency injection for test context [[DefaultTestContext@68a35247 testClass = IndexControllerTest, testInstance = com.mjkim.springboot.web.IndexControllerTest@421bc25b, testMethod = [null], testException = [null], mergedContextConfiguration = [WebMergedContextConfiguration@27c423b5 testClass = IndexControllerTest, locations = '{}', classes = '{class com.mjkim.springboot.Application}', contextInitializerClasses = '[]', activeProfiles = '{}', propertySourceLocations = '{}', propertySourceProperties = '{org.springframework.boot.test.context.SpringBootTestContextBootstrapper=true, server.port=0}', contextCustomizers = set[org.springframework.boot.test.autoconfigure.properties.PropertyMappingContextCustomizer@0, org.springframework.boot.test.autoconfigure.web.servlet.WebDriverContextCustomizerFactory$Customizer@a4799de, org.springframework.boot.test.context.filter.ExcludeFilterContextCustomizer@33b49e88, org.springframework.boot.test.json.DuplicateJsonObjectContextCustomizerFactory$DuplicateJsonObjectContextCustomizer@ce3f931, org.springframework.boot.test.mock.mockito.MockitoContextCustomizer@0, org.springframework.boot.test.web.client.TestRestTemplateContextCustomizer@7fa748af], resourceBasePath = 'src/main/webapp', contextLoader = 'org.springframework.boot.test.context.SpringBootContextLoader', parent = [null]], attributes = map['org.springframework.test.context.web.ServletTestExecutionListener.activateListener' -> false]]].
22:54:01.740 [Test worker] DEBUG org.springframework.test.context.support.TestPropertySourceUtils - Adding inlined properties to environment: {spring.jmx.enabled=false, org.springframework.boot.test.context.SpringBootTestContextBootstrapper=true, server.port=0}

  .   ____          _            __ _ _
 /\\ / ___'_ __ _ _(_)_ __  __ _ \ \ \ \
( ( )\___ | '_ | '_| | '_ \/ _` | \ \ \ \
 \\/  ___)| |_)| | | | | || (_| |  ) ) ) )
  '  |____| .__|_| |_|_| |_\__, | / / / /
 =========|_|==============|___/=/_/_/_/
 :: Spring Boot ::        (v2.1.7.RELEASE)

2021-10-15 22:54:02.546  INFO 28100 --- [    Test worker] c.m.springboot.web.IndexControllerTest   : Starting IndexControllerTest on LAPTOP-10A1K89M with PID 28100 (started by 김민지 in C:\work\2021-02-Spring-Study\김민지\freelec-springboot2-webservice)
2021-10-15 22:54:02.549  INFO 28100 --- [    Test worker] c.m.springboot.web.IndexControllerTest   : No active profile set, falling back to default profiles: default
2021-10-15 22:54:04.185  INFO 28100 --- [    Test worker] .s.d.r.c.RepositoryConfigurationDelegate : Bootstrapping Spring Data repositories in DEFAULT mode.
2021-10-15 22:54:04.341  INFO 28100 --- [    Test worker] .s.d.r.c.RepositoryConfigurationDelegate : Finished Spring Data repository scanning in 138ms. Found 1 repository interfaces.
2021-10-15 22:54:05.030  INFO 28100 --- [    Test worker] trationDelegate$BeanPostProcessorChecker : Bean 'org.springframework.transaction.annotation.ProxyTransactionManagementConfiguration' of type [org.springframework.transaction.annotation.ProxyTransactionManagementConfiguration$$EnhancerBySpringCGLIB$$a3947fcb] is not eligible for getting processed by all BeanPostProcessors (for example: not eligible for auto-proxying)
2021-10-15 22:54:05.968  INFO 28100 --- [    Test worker] o.s.b.w.embedded.tomcat.TomcatWebServer  : Tomcat initialized with port(s): 0 (http)
2021-10-15 22:54:06.093  INFO 28100 --- [    Test worker] o.apache.catalina.core.StandardService   : Starting service [Tomcat]
2021-10-15 22:54:06.095  INFO 28100 --- [    Test worker] org.apache.catalina.core.StandardEngine  : Starting Servlet engine: [Apache Tomcat/9.0.22]
2021-10-15 22:54:06.496  INFO 28100 --- [    Test worker] o.a.c.c.C.[Tomcat].[localhost].[/]       : Initializing Spring embedded WebApplicationContext
2021-10-15 22:54:06.496  INFO 28100 --- [    Test worker] o.s.web.context.ContextLoader            : Root WebApplicationContext: initialization completed in 3804 ms
2021-10-15 22:54:07.053  INFO 28100 --- [    Test worker] com.zaxxer.hikari.HikariDataSource       : HikariPool-1 - Starting...
2021-10-15 22:54:07.448  INFO 28100 --- [    Test worker] com.zaxxer.hikari.HikariDataSource       : HikariPool-1 - Start completed.
2021-10-15 22:54:07.702  INFO 28100 --- [    Test worker] o.hibernate.jpa.internal.util.LogHelper  : HHH000204: Processing PersistenceUnitInfo [
	name: default
	...]
2021-10-15 22:54:07.885  INFO 28100 --- [    Test worker] org.hibernate.Version                    : HHH000412: Hibernate Core {5.3.10.Final}
2021-10-15 22:54:07.889  INFO 28100 --- [    Test worker] org.hibernate.cfg.Environment            : HHH000206: hibernate.properties not found
2021-10-15 22:54:08.293  INFO 28100 --- [    Test worker] o.hibernate.annotations.common.Version   : HCANN000001: Hibernate Commons Annotations {5.0.4.Final}
2021-10-15 22:54:08.791  INFO 28100 --- [    Test worker] org.hibernate.dialect.Dialect            : HHH000400: Using dialect: org.hibernate.dialect.MySQL5InnoDBDialect
Hibernate: drop table if exists posts
Hibernate: create table posts (id bigint not null auto_increment, created_date datetime, modified_date datetime, author varchar(255), content TEXT not null, title varchar(500) not null, primary key (id)) engine=InnoDB
2021-10-15 22:54:10.572  INFO 28100 --- [    Test worker] o.h.t.schema.internal.SchemaCreatorImpl  : HHH000476: Executing import script 'org.hibernate.tool.schema.internal.exec.ScriptSourceInputNonExistentImpl@6b57efc8'
2021-10-15 22:54:10.580  INFO 28100 --- [    Test worker] j.LocalContainerEntityManagerFactoryBean : Initialized JPA EntityManagerFactory for persistence unit 'default'
2021-10-15 22:54:11.998  INFO 28100 --- [    Test worker] o.s.s.concurrent.ThreadPoolTaskExecutor  : Initializing ExecutorService 'applicationTaskExecutor'
2021-10-15 22:54:12.125  WARN 28100 --- [    Test worker] aWebConfiguration$JpaWebMvcConfiguration : spring.jpa.open-in-view is enabled by default. Therefore, database queries may be performed during view rendering. Explicitly configure spring.jpa.open-in-view to disable this warning
2021-10-15 22:54:12.276  INFO 28100 --- [    Test worker] o.s.b.a.w.s.WelcomePageHandlerMapping    : Adding welcome page template: index
2021-10-15 22:54:13.190  INFO 28100 --- [    Test worker] o.s.b.w.embedded.tomcat.TomcatWebServer  : Tomcat started on port(s): 50823 (http) with context path ''
2021-10-15 22:54:13.198  INFO 28100 --- [    Test worker] c.m.springboot.web.IndexControllerTest   : Started IndexControllerTest in 11.453 seconds (JVM running for 14.432)
2021-10-15 22:54:13.625  INFO 28100 --- [o-auto-1-exec-1] o.a.c.c.C.[Tomcat].[localhost].[/]       : Initializing Spring DispatcherServlet 'dispatcherServlet'
2021-10-15 22:54:13.626  INFO 28100 --- [o-auto-1-exec-1] o.s.web.servlet.DispatcherServlet        : Initializing Servlet 'dispatcherServlet'
2021-10-15 22:54:13.687  INFO 28100 --- [o-auto-1-exec-1] o.s.web.servlet.DispatcherServlet        : Completed initialization in 61 ms
]]></system-out>
  <system-err><![CDATA[]]></system-err>
</testsuite>
